22:18:35.311 [main] INFO  testCases.TC003_LoginDDT.verify_loginDDT(TC003_LoginDDT.java:73)oggger - *** Finished TC_003_LoginDDT******
22:18:35.361 [main] INFO  testCases.TC003_LoginDDT.verify_loginDDT(TC003_LoginDDT.java:19)oggger - ****** starting TC_003_LoginDDT*****
22:18:41.196 [main] INFO  testCases.TC003_LoginDDT.verify_loginDDT(TC003_LoginDDT.java:73)oggger - *** Finished TC_003_LoginDDT******
22:18:41.211 [main] INFO  testCases.TC003_LoginDDT.verify_loginDDT(TC003_LoginDDT.java:19)oggger - ****** starting TC_003_LoginDDT*****
22:18:51.412 [main] INFO  testCases.TC003_LoginDDT.verify_loginDDT(TC003_LoginDDT.java:19)oggger - ****** starting TC_003_LoginDDT*****
22:19:01.677 [main] INFO  testCases.TC003_LoginDDT.verify_loginDDT(TC003_LoginDDT.java:19)oggger - ****** starting TC_003_LoginDDT*****
22:24:49.164 [main] INFO  org.testng.log4testng.Logger.info(Logger.java:112)oggger - [TestNG] Running:
  D:\eclipse-workspace\Opencart121\Master.xml

22:26:34.371 [main] INFO  org.testng.log4testng.Logger.info(Logger.java:112)oggger - [TestNG] Running:
  D:\eclipse-workspace\Opencart121\Master.xml

22:28:00.692 [main] INFO  org.testng.log4testng.Logger.info(Logger.java:112)oggger - [TestNG] Running:
  D:\eclipse-workspace\Opencart121\Master.xml

22:28:20.636 [main] INFO  testCases.TC003_LoginDDT.verify_loginDDT(TC003_LoginDDT.java:19)oggger - ****** starting TC_003_LoginDDT*****
22:28:27.779 [main] INFO  testCases.TC003_LoginDDT.verify_loginDDT(TC003_LoginDDT.java:73)oggger - *** Finished TC_003_LoginDDT******
22:28:27.831 [main] INFO  testCases.TC003_LoginDDT.verify_loginDDT(TC003_LoginDDT.java:19)oggger - ****** starting TC_003_LoginDDT*****
22:28:34.068 [main] INFO  testCases.TC003_LoginDDT.verify_loginDDT(TC003_LoginDDT.java:73)oggger - *** Finished TC_003_LoginDDT******
22:28:34.081 [main] INFO  testCases.TC003_LoginDDT.verify_loginDDT(TC003_LoginDDT.java:19)oggger - ****** starting TC_003_LoginDDT*****
22:29:12.702 [main] INFO  org.testng.log4testng.Logger.info(Logger.java:112)oggger - [TestNG] Running:
  D:\eclipse-workspace\Opencart121\Master.xml

22:29:39.648 [main] INFO  testCases.TC003_LoginDDT.verify_loginDDT(TC003_LoginDDT.java:19)oggger - ****** starting TC_003_LoginDDT*****
22:29:49.256 [main] INFO  testCases.TC003_LoginDDT.verify_loginDDT(TC003_LoginDDT.java:72)oggger - *** Finished TC_003_LoginDDT******
22:29:49.287 [main] INFO  testCases.TC003_LoginDDT.verify_loginDDT(TC003_LoginDDT.java:19)oggger - ****** starting TC_003_LoginDDT*****
22:29:52.709 [main] INFO  testCases.TC003_LoginDDT.verify_loginDDT(TC003_LoginDDT.java:19)oggger - ****** starting TC_003_LoginDDT*****
22:29:58.821 [main] INFO  testCases.TC003_LoginDDT.verify_loginDDT(TC003_LoginDDT.java:72)oggger - *** Finished TC_003_LoginDDT******
22:31:07.562 [main] INFO  org.testng.log4testng.Logger.info(Logger.java:112)oggger - [TestNG] Running:
  D:\eclipse-workspace\Opencart121\Master.xml

22:31:22.493 [main] INFO  testCases.TC003_LoginDDT.verify_loginDDT(TC003_LoginDDT.java:19)oggger - ****** starting TC_003_LoginDDT*****
22:31:31.506 [main] INFO  testCases.TC003_LoginDDT.verify_loginDDT(TC003_LoginDDT.java:72)oggger - *** Finished TC_003_LoginDDT******
22:31:31.527 [main] INFO  testCases.TC003_LoginDDT.verify_loginDDT(TC003_LoginDDT.java:19)oggger - ****** starting TC_003_LoginDDT*****
22:31:37.998 [main] INFO  testCases.TC003_LoginDDT.verify_loginDDT(TC003_LoginDDT.java:72)oggger - *** Finished TC_003_LoginDDT******
22:31:38.011 [main] INFO  testCases.TC003_LoginDDT.verify_loginDDT(TC003_LoginDDT.java:19)oggger - ****** starting TC_003_LoginDDT*****
22:31:45.992 [main] INFO  testCases.TC003_LoginDDT.verify_loginDDT(TC003_LoginDDT.java:72)oggger - *** Finished TC_003_LoginDDT******
18:06:28.830 [main] INFO  org.testng.log4testng.Logger.info(Logger.java:112)oggger - [TestNG] Running:
  D:\eclipse-workspace\Opencart121\Grouping.xml

18:11:18.275 [main] INFO  testCases.TC002_LoginTest.verify_login(TC002_LoginTest.java:16)oggger - **** Strating TC_002_LoginTest*****
18:11:27.581 [main] INFO  testCases.TC002_LoginTest.verify_login(TC002_LoginTest.java:42)oggger - ********Finished TC_002_LoginTest*****
18:15:07.666 [main] INFO  org.testng.log4testng.Logger.info(Logger.java:112)oggger - [TestNG] Running:
  D:\eclipse-workspace\Opencart121\Grouping.xml

18:15:25.627 [main] INFO  testCases.TC001_AccountRegistraionTest.verify_account_registration(TC001_AccountRegistraionTest.java:30)oggger - *******Stating TC001_AccountRegistrationTest***
18:15:26.686 [main] INFO  testCases.TC001_AccountRegistraionTest.verify_account_registration(TC001_AccountRegistraionTest.java:36)oggger - clicked on My Account Link
18:15:28.411 [main] INFO  testCases.TC001_AccountRegistraionTest.verify_account_registration(TC001_AccountRegistraionTest.java:39)oggger - clicked on My Register Link
18:15:29.036 [main] INFO  testCases.TC001_AccountRegistraionTest.verify_account_registration(TC001_AccountRegistraionTest.java:43)oggger - Providing customer details
