23:07:29.923 [main] INFO  org.testng.log4testng.Logger.info(Logger.java:112)oggger - [TestNG] Running:
  D:\eclipse-workspace\Opencart121\Master.xml

23:16:24.768 [main] INFO  org.testng.log4testng.Logger.info(Logger.java:112)oggger - [TestNG] Running:
  D:\eclipse-workspace\Opencart121\Master.xml

23:24:49.896 [main] INFO  org.testng.log4testng.Logger.info(Logger.java:112)oggger - [TestNG] Running:
  D:\eclipse-workspace\Opencart121\Master.xml

23:30:02.157 [main] INFO  org.testng.log4testng.Logger.info(Logger.java:112)oggger - [TestNG] Running:
  D:\eclipse-workspace\Opencart121\Master.xml

11:02:12.095 [main] INFO  org.testng.log4testng.Logger.info(Logger.java:112)oggger - [TestNG] Running:
  D:\eclipse-workspace\Opencart121\Master.xml

11:13:48.599 [main] INFO  org.testng.log4testng.Logger.info(Logger.java:112)oggger - [TestNG] Running:
  D:\eclipse-workspace\Opencart121\Master.xml

20:54:35.753 [main] INFO  org.testng.log4testng.Logger.info(Logger.java:112)oggger - [TestNG] Running:
  D:\eclipse-workspace\Opencart121\Master.xml

20:55:37.237 [main] INFO  testCases.TC001_AccountRegistraionTest.verify_account_registration(TC001_AccountRegistraionTest.java:30)oggger - *******Stating TC001_AccountRegistrationTest***
20:55:44.603 [main] INFO  testCases.TC001_AccountRegistraionTest.verify_account_registration(TC001_AccountRegistraionTest.java:36)oggger - clicked on My Account Link
20:55:48.316 [main] INFO  testCases.TC001_AccountRegistraionTest.verify_account_registration(TC001_AccountRegistraionTest.java:39)oggger - clicked on My Register Link
20:55:54.300 [main] INFO  testCases.TC001_AccountRegistraionTest.verify_account_registration(TC001_AccountRegistraionTest.java:43)oggger - Providing customer details
20:55:59.273 [main] INFO  testCases.TC001_AccountRegistraionTest.verify_account_registration(TC001_AccountRegistraionTest.java:57)oggger - Valdating expected Message
20:55:59.573 [main] INFO  testCases.TC001_AccountRegistraionTest.verify_account_registration(TC001_AccountRegistraionTest.java:75)oggger - ****Finished TC-001
20:56:39.909 [main] INFO  testCases.TC002_LoginTest.verify_login(TC002_LoginTest.java:16)oggger - **** Strating TC_002_LoginTest*****
20:56:43.608 [main] INFO  testCases.TC002_LoginTest.verify_login(TC002_LoginTest.java:42)oggger - ********Finished TC_002_LoginTest*****
21:10:52.899 [main] INFO  org.testng.log4testng.Logger.info(Logger.java:112)oggger - [TestNG] Running:
  D:\eclipse-workspace\Opencart121\Master.xml

21:11:37.759 [main] INFO  testCases.TC001_AccountRegistraionTest.verify_account_registration(TC001_AccountRegistraionTest.java:30)oggger - *******Stating TC001_AccountRegistrationTest***
21:11:44.535 [main] INFO  testCases.TC001_AccountRegistraionTest.verify_account_registration(TC001_AccountRegistraionTest.java:36)oggger - clicked on My Account Link
21:11:46.239 [main] INFO  testCases.TC001_AccountRegistraionTest.verify_account_registration(TC001_AccountRegistraionTest.java:39)oggger - clicked on My Register Link
21:11:46.286 [main] INFO  testCases.TC001_AccountRegistraionTest.verify_account_registration(TC001_AccountRegistraionTest.java:43)oggger - Providing customer details
21:11:51.037 [main] INFO  testCases.TC001_AccountRegistraionTest.verify_account_registration(TC001_AccountRegistraionTest.java:57)oggger - Valdating expected Message
21:11:51.404 [main] INFO  testCases.TC001_AccountRegistraionTest.verify_account_registration(TC001_AccountRegistraionTest.java:75)oggger - ****Finished TC-001
21:12:24.197 [main] INFO  testCases.TC002_LoginTest.verify_login(TC002_LoginTest.java:16)oggger - **** Strating TC_002_LoginTest*****
21:12:27.747 [main] INFO  testCases.TC002_LoginTest.verify_login(TC002_LoginTest.java:42)oggger - ********Finished TC_002_LoginTest*****
21:20:10.007 [main] INFO  org.testng.log4testng.Logger.info(Logger.java:112)oggger - [TestNG] Running:
  D:\eclipse-workspace\Opencart121\Master.xml

21:20:49.300 [main] INFO  testCases.TC001_AccountRegistraionTest.verify_account_registration(TC001_AccountRegistraionTest.java:30)oggger - *******Stating TC001_AccountRegistrationTest***
21:20:53.385 [main] INFO  testCases.TC001_AccountRegistraionTest.verify_account_registration(TC001_AccountRegistraionTest.java:36)oggger - clicked on My Account Link
21:20:55.651 [main] INFO  testCases.TC001_AccountRegistraionTest.verify_account_registration(TC001_AccountRegistraionTest.java:39)oggger - clicked on My Register Link
21:20:55.692 [main] INFO  testCases.TC001_AccountRegistraionTest.verify_account_registration(TC001_AccountRegistraionTest.java:43)oggger - Providing customer details
21:21:01.342 [main] INFO  testCases.TC001_AccountRegistraionTest.verify_account_registration(TC001_AccountRegistraionTest.java:57)oggger - Valdating expected Message
21:21:03.633 [main] INFO  testCases.TC001_AccountRegistraionTest.verify_account_registration(TC001_AccountRegistraionTest.java:75)oggger - ****Finished TC-001
21:21:30.985 [main] INFO  testCases.TC002_LoginTest.verify_login(TC002_LoginTest.java:16)oggger - **** Strating TC_002_LoginTest*****
