19:30:33.955 [main] INFO  testCases.TC003_LoginDDT.verify_loginDDT(TC003_LoginDDT.java:72)oggger - *** Finished TC_003_LoginDDT******
21:37:06.086 [main] INFO  org.testng.log4testng.Logger.info(Logger.java:112)oggger - [TestNG] Running:
  D:\eclipse-workspace\Opencart121\Master.xml

21:43:51.361 [main] INFO  org.testng.log4testng.Logger.info(Logger.java:112)oggger - [TestNG] Running:
  D:\eclipse-workspace\Opencart121\Master.xml

21:44:30.892 [main] INFO  testCases.TC001_AccountRegistraionTest.verify_account_registration(TC001_AccountRegistraionTest.java:30)oggger - *******Stating TC001_AccountRegistrationTest***
21:44:32.925 [main] INFO  testCases.TC001_AccountRegistraionTest.verify_account_registration(TC001_AccountRegistraionTest.java:36)oggger - clicked on My Account Link
21:44:35.232 [main] INFO  testCases.TC001_AccountRegistraionTest.verify_account_registration(TC001_AccountRegistraionTest.java:39)oggger - clicked on My Register Link
21:44:35.501 [main] INFO  testCases.TC001_AccountRegistraionTest.verify_account_registration(TC001_AccountRegistraionTest.java:43)oggger - Providing customer details
21:44:39.950 [main] INFO  testCases.TC001_AccountRegistraionTest.verify_account_registration(TC001_AccountRegistraionTest.java:57)oggger - Valdating expected Message
21:44:40.323 [main] INFO  testCases.TC001_AccountRegistraionTest.verify_account_registration(TC001_AccountRegistraionTest.java:75)oggger - ****Finished TC-001
21:44:54.584 [main] INFO  testCases.TC002_LoginTest.verify_login(TC002_LoginTest.java:16)oggger - **** Strating TC_002_LoginTest*****
21:44:58.495 [main] INFO  testCases.TC002_LoginTest.verify_login(TC002_LoginTest.java:42)oggger - ********Finished TC_002_LoginTest*****
21:46:51.893 [main] INFO  org.testng.log4testng.Logger.info(Logger.java:112)oggger - [TestNG] Running:
  D:\eclipse-workspace\Opencart121\Master.xml

21:47:35.690 [main] INFO  testCases.TC001_AccountRegistraionTest.verify_account_registration(TC001_AccountRegistraionTest.java:30)oggger - *******Stating TC001_AccountRegistrationTest***
21:47:36.259 [main] INFO  testCases.TC001_AccountRegistraionTest.verify_account_registration(TC001_AccountRegistraionTest.java:36)oggger - clicked on My Account Link
21:47:39.839 [main] INFO  testCases.TC001_AccountRegistraionTest.verify_account_registration(TC001_AccountRegistraionTest.java:39)oggger - clicked on My Register Link
21:47:39.943 [main] INFO  testCases.TC001_AccountRegistraionTest.verify_account_registration(TC001_AccountRegistraionTest.java:43)oggger - Providing customer details
21:47:48.574 [main] INFO  testCases.TC001_AccountRegistraionTest.verify_account_registration(TC001_AccountRegistraionTest.java:57)oggger - Valdating expected Message
21:47:48.772 [main] INFO  testCases.TC001_AccountRegistraionTest.verify_account_registration(TC001_AccountRegistraionTest.java:75)oggger - ****Finished TC-001
21:48:02.545 [main] INFO  testCases.TC002_LoginTest.verify_login(TC002_LoginTest.java:16)oggger - **** Strating TC_002_LoginTest*****
21:48:05.397 [main] INFO  testCases.TC002_LoginTest.verify_login(TC002_LoginTest.java:42)oggger - ********Finished TC_002_LoginTest*****
20:14:28.177 [main] INFO  org.testng.log4testng.Logger.info(Logger.java:112)oggger - [TestNG] Running:
  D:\eclipse-workspace\Opencart121\Grouping.xml

20:20:25.261 [main] INFO  testCases.TC002_LoginTest.verify_login(TC002_LoginTest.java:16)oggger - **** Strating TC_002_LoginTest*****
20:21:26.610 [main] INFO  testCases.TC002_LoginTest.verify_login(TC002_LoginTest.java:42)oggger - ********Finished TC_002_LoginTest*****
20:56:12.366 [main] INFO  org.testng.log4testng.Logger.info(Logger.java:112)oggger - [TestNG] Running:
  D:\eclipse-workspace\Opencart121\Grouping.xml

20:56:50.701 [main] INFO  testCases.TC001_AccountRegistraionTest.verify_account_registration(TC001_AccountRegistraionTest.java:30)oggger - *******Stating TC001_AccountRegistrationTest***
20:56:51.769 [main] INFO  testCases.TC001_AccountRegistraionTest.verify_account_registration(TC001_AccountRegistraionTest.java:36)oggger - clicked on My Account Link
20:56:57.509 [main] INFO  testCases.TC001_AccountRegistraionTest.verify_account_registration(TC001_AccountRegistraionTest.java:39)oggger - clicked on My Register Link
20:56:57.614 [main] INFO  testCases.TC001_AccountRegistraionTest.verify_account_registration(TC001_AccountRegistraionTest.java:43)oggger - Providing customer details
20:57:07.328 [main] INFO  testCases.TC001_AccountRegistraionTest.verify_account_registration(TC001_AccountRegistraionTest.java:57)oggger - Valdating expected Message
20:57:07.780 [main] INFO  testCases.TC001_AccountRegistraionTest.verify_account_registration(TC001_AccountRegistraionTest.java:75)oggger - ****Finished TC-001
20:57:31.966 [main] INFO  testCases.TC002_LoginTest.verify_login(TC002_LoginTest.java:16)oggger - **** Strating TC_002_LoginTest*****
20:57:36.008 [main] INFO  testCases.TC002_LoginTest.verify_login(TC002_LoginTest.java:42)oggger - ********Finished TC_002_LoginTest*****
